<?xml version="1.0" encoding="UTF-8"?>
<testng-results ignored="0" total="24" passed="24" failed="0" skipped="0">
  <reporter-output>
  </reporter-output>
  <suite started-at="2024-03-06T21:07:28 IST" name="Default suite" finished-at="2024-03-06T21:14:14 IST" duration-ms="405774">
    <groups>
      <group name="cucumber">
        <method signature="AbstractTestNGCucumberTests.runScenario(io.cucumber.testng.PickleWrapper,io.cucumber.testng.FeatureWrapper)[pri:0, instance:com.practo.testRunner.TestNGRunner@3d34d211]" name="runScenario" class="io.cucumber.testng.AbstractTestNGCucumberTests"/>
      </group> <!-- cucumber -->
    </groups>
    <test started-at="2024-03-06T21:07:28 IST" name="Default test" finished-at="2024-03-06T21:14:14 IST" duration-ms="405774">
      <class name="com.practo.testRunner.TestNGRunner">
        <test-method is-config="true" signature="setUpClass(org.testng.ITestContext)[pri:0, instance:com.practo.testRunner.TestNGRunner@3d34d211]" started-at="2024-03-06T21:07:28 IST" name="setUpClass" finished-at="2024-03-06T21:07:29 IST" duration-ms="1154" status="PASS">
          <params>
            <param index="0">
              <value>
                <![CDATA[org.testng.TestRunner@5fb4870b]]>
              </value>
            </param>
          </params>
          <reporter-output>
          </reporter-output>
        </test-method> <!-- setUpClass -->
        <test-method signature="runScenario(io.cucumber.testng.PickleWrapper,io.cucumber.testng.FeatureWrapper)[pri:0, instance:com.practo.testRunner.TestNGRunner@3d34d211]" started-at="2024-03-06T21:07:29 IST" name="runScenario" description="Runs Cucumber Scenarios" data-provider="scenarios" finished-at="2024-03-06T21:08:09 IST" duration-ms="39966" status="PASS">
          <params>
            <param index="0">
              <value>
                <![CDATA["Search for doctors using the specified filters and accquire top five results"]]>
              </value>
            </param>
            <param index="1">
              <value>
                <![CDATA["End to End happy flow execution"]]>
              </value>
            </param>
          </params>
          <reporter-output>
          </reporter-output>
        </test-method> <!-- runScenario -->
        <test-method signature="runScenario(io.cucumber.testng.PickleWrapper,io.cucumber.testng.FeatureWrapper)[pri:0, instance:com.practo.testRunner.TestNGRunner@3d34d211]" started-at="2024-03-06T21:08:09 IST" name="runScenario" description="Runs Cucumber Scenarios" data-provider="scenarios" finished-at="2024-03-06T21:08:24 IST" duration-ms="14737" status="PASS">
          <params>
            <param index="0">
              <value>
                <![CDATA["Extract the surgeries listed as Popular Surgeries on the Surgeries page"]]>
              </value>
            </param>
            <param index="1">
              <value>
                <![CDATA["End to End happy flow execution"]]>
              </value>
            </param>
          </params>
          <reporter-output>
          </reporter-output>
        </test-method> <!-- runScenario -->
        <test-method signature="runScenario(io.cucumber.testng.PickleWrapper,io.cucumber.testng.FeatureWrapper)[pri:0, instance:com.practo.testRunner.TestNGRunner@3d34d211]" started-at="2024-03-06T21:08:24 IST" name="runScenario" description="Runs Cucumber Scenarios" data-provider="scenarios" finished-at="2024-03-06T21:08:40 IST" duration-ms="16306" status="PASS">
          <params>
            <param index="0">
              <value>
                <![CDATA["verify form submission with correct details by capturing Thank You message on the Health and Wellness page"]]>
              </value>
            </param>
            <param index="1">
              <value>
                <![CDATA["End to End happy flow execution"]]>
              </value>
            </param>
          </params>
          <reporter-output>
          </reporter-output>
        </test-method> <!-- runScenario -->
        <test-method signature="runScenario(io.cucumber.testng.PickleWrapper,io.cucumber.testng.FeatureWrapper)[pri:0, instance:com.practo.testRunner.TestNGRunner@3d34d211]" started-at="2024-03-06T21:08:40 IST" name="runScenario" description="Runs Cucumber Scenarios" data-provider="scenarios" finished-at="2024-03-06T21:08:54 IST" duration-ms="14028" status="PASS">
          <params>
            <param index="0">
              <value>
                <![CDATA["verify Schedule a demo scroll-to-top navigation button on the Health and Wellness Page"]]>
              </value>
            </param>
            <param index="1">
              <value>
                <![CDATA["Health and Wellness"]]>
              </value>
            </param>
          </params>
          <reporter-output>
          </reporter-output>
        </test-method> <!-- runScenario -->
        <test-method signature="runScenario(io.cucumber.testng.PickleWrapper,io.cucumber.testng.FeatureWrapper)[pri:0, instance:com.practo.testRunner.TestNGRunner@3d34d211]" started-at="2024-03-06T21:08:54 IST" name="runScenario" description="Runs Cucumber Scenarios" data-provider="scenarios" finished-at="2024-03-06T21:09:09 IST" duration-ms="14991" status="PASS">
          <params>
            <param index="0">
              <value>
                <![CDATA["verify if the submit button is disabled with incorrect details on the Health and Wellness Page"]]>
              </value>
            </param>
            <param index="1">
              <value>
                <![CDATA["Health and Wellness"]]>
              </value>
            </param>
          </params>
          <reporter-output>
          </reporter-output>
        </test-method> <!-- runScenario -->
        <test-method signature="runScenario(io.cucumber.testng.PickleWrapper,io.cucumber.testng.FeatureWrapper)[pri:0, instance:com.practo.testRunner.TestNGRunner@3d34d211]" started-at="2024-03-06T21:09:09 IST" name="runScenario" description="Runs Cucumber Scenarios" data-provider="scenarios" finished-at="2024-03-06T21:09:26 IST" duration-ms="17044" status="PASS">
          <params>
            <param index="0">
              <value>
                <![CDATA["verify if the submit button is disabled with incorrect details on the Health and Wellness Page"]]>
              </value>
            </param>
            <param index="1">
              <value>
                <![CDATA["Health and Wellness"]]>
              </value>
            </param>
          </params>
          <reporter-output>
          </reporter-output>
        </test-method> <!-- runScenario -->
        <test-method signature="runScenario(io.cucumber.testng.PickleWrapper,io.cucumber.testng.FeatureWrapper)[pri:0, instance:com.practo.testRunner.TestNGRunner@3d34d211]" started-at="2024-03-06T21:09:26 IST" name="runScenario" description="Runs Cucumber Scenarios" data-provider="scenarios" finished-at="2024-03-06T21:09:42 IST" duration-ms="15808" status="PASS">
          <params>
            <param index="0">
              <value>
                <![CDATA["verify if submit button enabled with correct details on the Health and Wellness Plan page"]]>
              </value>
            </param>
            <param index="1">
              <value>
                <![CDATA["Health and Wellness"]]>
              </value>
            </param>
          </params>
          <reporter-output>
          </reporter-output>
        </test-method> <!-- runScenario -->
        <test-method signature="runScenario(io.cucumber.testng.PickleWrapper,io.cucumber.testng.FeatureWrapper)[pri:0, instance:com.practo.testRunner.TestNGRunner@3d34d211]" started-at="2024-03-06T21:09:42 IST" name="runScenario" description="Runs Cucumber Scenarios" data-provider="scenarios" finished-at="2024-03-06T21:09:51 IST" duration-ms="9123" status="PASS">
          <params>
            <param index="0">
              <value>
                <![CDATA["Verify navigation items on the Home Page"]]>
              </value>
            </param>
            <param index="1">
              <value>
                <![CDATA["Home Page"]]>
              </value>
            </param>
          </params>
          <reporter-output>
          </reporter-output>
        </test-method> <!-- runScenario -->
        <test-method signature="runScenario(io.cucumber.testng.PickleWrapper,io.cucumber.testng.FeatureWrapper)[pri:0, instance:com.practo.testRunner.TestNGRunner@3d34d211]" started-at="2024-03-06T21:09:51 IST" name="runScenario" description="Runs Cucumber Scenarios" data-provider="scenarios" finished-at="2024-03-06T21:10:05 IST" duration-ms="13574" status="PASS">
          <params>
            <param index="0">
              <value>
                <![CDATA["Verify navigation items on the Home Page"]]>
              </value>
            </param>
            <param index="1">
              <value>
                <![CDATA["Home Page"]]>
              </value>
            </param>
          </params>
          <reporter-output>
          </reporter-output>
        </test-method> <!-- runScenario -->
        <test-method signature="runScenario(io.cucumber.testng.PickleWrapper,io.cucumber.testng.FeatureWrapper)[pri:0, instance:com.practo.testRunner.TestNGRunner@3d34d211]" started-at="2024-03-06T21:10:05 IST" name="runScenario" description="Runs Cucumber Scenarios" data-provider="scenarios" finished-at="2024-03-06T21:10:18 IST" duration-ms="12745" status="PASS">
          <params>
            <param index="0">
              <value>
                <![CDATA["Verify navigation items on the Home Page"]]>
              </value>
            </param>
            <param index="1">
              <value>
                <![CDATA["Home Page"]]>
              </value>
            </param>
          </params>
          <reporter-output>
          </reporter-output>
        </test-method> <!-- runScenario -->
        <test-method signature="runScenario(io.cucumber.testng.PickleWrapper,io.cucumber.testng.FeatureWrapper)[pri:0, instance:com.practo.testRunner.TestNGRunner@3d34d211]" started-at="2024-03-06T21:10:18 IST" name="runScenario" description="Runs Cucumber Scenarios" data-provider="scenarios" finished-at="2024-03-06T21:10:50 IST" duration-ms="32296" status="PASS">
          <params>
            <param index="0">
              <value>
                <![CDATA["Filter doctors by patient stories on the Search page"]]>
              </value>
            </param>
            <param index="1">
              <value>
                <![CDATA["Search"]]>
              </value>
            </param>
          </params>
          <reporter-output>
          </reporter-output>
        </test-method> <!-- runScenario -->
        <test-method signature="runScenario(io.cucumber.testng.PickleWrapper,io.cucumber.testng.FeatureWrapper)[pri:0, instance:com.practo.testRunner.TestNGRunner@3d34d211]" started-at="2024-03-06T21:10:50 IST" name="runScenario" description="Runs Cucumber Scenarios" data-provider="scenarios" finished-at="2024-03-06T21:11:12 IST" duration-ms="21843" status="PASS">
          <params>
            <param index="0">
              <value>
                <![CDATA["Filter doctors by fees on the Search page"]]>
              </value>
            </param>
            <param index="1">
              <value>
                <![CDATA["Search"]]>
              </value>
            </param>
          </params>
          <reporter-output>
          </reporter-output>
        </test-method> <!-- runScenario -->
        <test-method signature="runScenario(io.cucumber.testng.PickleWrapper,io.cucumber.testng.FeatureWrapper)[pri:0, instance:com.practo.testRunner.TestNGRunner@3d34d211]" started-at="2024-03-06T21:11:12 IST" name="runScenario" description="Runs Cucumber Scenarios" data-provider="scenarios" finished-at="2024-03-06T21:11:35 IST" duration-ms="23527" status="PASS">
          <params>
            <param index="0">
              <value>
                <![CDATA["Filter doctors by availability on the Search page"]]>
              </value>
            </param>
            <param index="1">
              <value>
                <![CDATA["Search"]]>
              </value>
            </param>
          </params>
          <reporter-output>
          </reporter-output>
        </test-method> <!-- runScenario -->
        <test-method signature="runScenario(io.cucumber.testng.PickleWrapper,io.cucumber.testng.FeatureWrapper)[pri:0, instance:com.practo.testRunner.TestNGRunner@3d34d211]" started-at="2024-03-06T21:11:35 IST" name="runScenario" description="Runs Cucumber Scenarios" data-provider="scenarios" finished-at="2024-03-06T21:11:54 IST" duration-ms="18996" status="PASS">
          <params>
            <param index="0">
              <value>
                <![CDATA["Filter doctors by video consult availability on the Search page"]]>
              </value>
            </param>
            <param index="1">
              <value>
                <![CDATA["Search"]]>
              </value>
            </param>
          </params>
          <reporter-output>
          </reporter-output>
        </test-method> <!-- runScenario -->
        <test-method signature="runScenario(io.cucumber.testng.PickleWrapper,io.cucumber.testng.FeatureWrapper)[pri:0, instance:com.practo.testRunner.TestNGRunner@3d34d211]" started-at="2024-03-06T21:11:54 IST" name="runScenario" description="Runs Cucumber Scenarios" data-provider="scenarios" finished-at="2024-03-06T21:12:12 IST" duration-ms="18052" status="PASS">
          <params>
            <param index="0">
              <value>
                <![CDATA["Filter doctors location in Chennai on the Search page"]]>
              </value>
            </param>
            <param index="1">
              <value>
                <![CDATA["Search"]]>
              </value>
            </param>
          </params>
          <reporter-output>
          </reporter-output>
        </test-method> <!-- runScenario -->
        <test-method signature="runScenario(io.cucumber.testng.PickleWrapper,io.cucumber.testng.FeatureWrapper)[pri:0, instance:com.practo.testRunner.TestNGRunner@3d34d211]" started-at="2024-03-06T21:12:12 IST" name="runScenario" description="Runs Cucumber Scenarios" data-provider="scenarios" finished-at="2024-03-06T21:12:27 IST" duration-ms="14624" status="PASS">
          <params>
            <param index="0">
              <value>
                <![CDATA["Verify consultation form submission with correct details on the Surgeries page"]]>
              </value>
            </param>
            <param index="1">
              <value>
                <![CDATA["Surgeries"]]>
              </value>
            </param>
          </params>
          <reporter-output>
          </reporter-output>
        </test-method> <!-- runScenario -->
        <test-method signature="runScenario(io.cucumber.testng.PickleWrapper,io.cucumber.testng.FeatureWrapper)[pri:0, instance:com.practo.testRunner.TestNGRunner@3d34d211]" started-at="2024-03-06T21:12:27 IST" name="runScenario" description="Runs Cucumber Scenarios" data-provider="scenarios" finished-at="2024-03-06T21:12:43 IST" duration-ms="15867" status="PASS">
          <params>
            <param index="0">
              <value>
                <![CDATA["Verify consultation form submission with correct details on the Surgeries page"]]>
              </value>
            </param>
            <param index="1">
              <value>
                <![CDATA["Surgeries"]]>
              </value>
            </param>
          </params>
          <reporter-output>
          </reporter-output>
        </test-method> <!-- runScenario -->
        <test-method signature="runScenario(io.cucumber.testng.PickleWrapper,io.cucumber.testng.FeatureWrapper)[pri:0, instance:com.practo.testRunner.TestNGRunner@3d34d211]" started-at="2024-03-06T21:12:43 IST" name="runScenario" description="Runs Cucumber Scenarios" data-provider="scenarios" finished-at="2024-03-06T21:12:56 IST" duration-ms="12915" status="PASS">
          <params>
            <param index="0">
              <value>
                <![CDATA["Verify consultation form submission with wrong name on the Surgeries page"]]>
              </value>
            </param>
            <param index="1">
              <value>
                <![CDATA["Surgeries"]]>
              </value>
            </param>
          </params>
          <reporter-output>
          </reporter-output>
        </test-method> <!-- runScenario -->
        <test-method signature="runScenario(io.cucumber.testng.PickleWrapper,io.cucumber.testng.FeatureWrapper)[pri:0, instance:com.practo.testRunner.TestNGRunner@3d34d211]" started-at="2024-03-06T21:12:56 IST" name="runScenario" description="Runs Cucumber Scenarios" data-provider="scenarios" finished-at="2024-03-06T21:13:09 IST" duration-ms="13096" status="PASS">
          <params>
            <param index="0">
              <value>
                <![CDATA["Verify consultation form submission with wrong contact number on the Surgeries page"]]>
              </value>
            </param>
            <param index="1">
              <value>
                <![CDATA["Surgeries"]]>
              </value>
            </param>
          </params>
          <reporter-output>
          </reporter-output>
        </test-method> <!-- runScenario -->
        <test-method signature="runScenario(io.cucumber.testng.PickleWrapper,io.cucumber.testng.FeatureWrapper)[pri:0, instance:com.practo.testRunner.TestNGRunner@3d34d211]" started-at="2024-03-06T21:13:09 IST" name="runScenario" description="Runs Cucumber Scenarios" data-provider="scenarios" finished-at="2024-03-06T21:13:23 IST" duration-ms="13947" status="PASS">
          <params>
            <param index="0">
              <value>
                <![CDATA["Verify consultation form submission with wrong name and contact number on the Surgeries page"]]>
              </value>
            </param>
            <param index="1">
              <value>
                <![CDATA["Surgeries"]]>
              </value>
            </param>
          </params>
          <reporter-output>
          </reporter-output>
        </test-method> <!-- runScenario -->
        <test-method signature="runScenario(io.cucumber.testng.PickleWrapper,io.cucumber.testng.FeatureWrapper)[pri:0, instance:com.practo.testRunner.TestNGRunner@3d34d211]" started-at="2024-03-06T21:13:23 IST" name="runScenario" description="Runs Cucumber Scenarios" data-provider="scenarios" finished-at="2024-03-06T21:13:33 IST" duration-ms="9756" status="PASS">
          <params>
            <param index="0">
              <value>
                <![CDATA["Verify surgeries form popup message on the Surgeries page"]]>
              </value>
            </param>
            <param index="1">
              <value>
                <![CDATA["Surgeries"]]>
              </value>
            </param>
          </params>
          <reporter-output>
          </reporter-output>
        </test-method> <!-- runScenario -->
        <test-method signature="runScenario(io.cucumber.testng.PickleWrapper,io.cucumber.testng.FeatureWrapper)[pri:0, instance:com.practo.testRunner.TestNGRunner@3d34d211]" started-at="2024-03-06T21:13:33 IST" name="runScenario" description="Runs Cucumber Scenarios" data-provider="scenarios" finished-at="2024-03-06T21:13:44 IST" duration-ms="11644" status="PASS">
          <params>
            <param index="0">
              <value>
                <![CDATA["Verify surgeries form popup message on the Surgeries page"]]>
              </value>
            </param>
            <param index="1">
              <value>
                <![CDATA["Surgeries"]]>
              </value>
            </param>
          </params>
          <reporter-output>
          </reporter-output>
        </test-method> <!-- runScenario -->
        <test-method signature="runScenario(io.cucumber.testng.PickleWrapper,io.cucumber.testng.FeatureWrapper)[pri:0, instance:com.practo.testRunner.TestNGRunner@3d34d211]" started-at="2024-03-06T21:13:44 IST" name="runScenario" description="Runs Cucumber Scenarios" data-provider="scenarios" finished-at="2024-03-06T21:13:59 IST" duration-ms="14381" status="PASS">
          <params>
            <param index="0">
              <value>
                <![CDATA["Verify surgeries form submission with correct details on the Surgeries page"]]>
              </value>
            </param>
            <param index="1">
              <value>
                <![CDATA["Surgeries"]]>
              </value>
            </param>
          </params>
          <reporter-output>
          </reporter-output>
        </test-method> <!-- runScenario -->
        <test-method signature="runScenario(io.cucumber.testng.PickleWrapper,io.cucumber.testng.FeatureWrapper)[pri:0, instance:com.practo.testRunner.TestNGRunner@3d34d211]" started-at="2024-03-06T21:13:59 IST" name="runScenario" description="Runs Cucumber Scenarios" data-provider="scenarios" finished-at="2024-03-06T21:14:12 IST" duration-ms="13307" status="PASS">
          <params>
            <param index="0">
              <value>
                <![CDATA["Verify surgeries form submission with incorrect details on the Surgeries page"]]>
              </value>
            </param>
            <param index="1">
              <value>
                <![CDATA["Surgeries"]]>
              </value>
            </param>
          </params>
          <reporter-output>
          </reporter-output>
        </test-method> <!-- runScenario -->
        <test-method is-config="true" signature="tearDownClass()[pri:0, instance:com.practo.testRunner.TestNGRunner@3d34d211]" started-at="2024-03-06T21:14:12 IST" name="tearDownClass" finished-at="2024-03-06T21:14:14 IST" duration-ms="1937" status="PASS">
          <reporter-output>
          </reporter-output>
        </test-method> <!-- tearDownClass -->
      </class> <!-- com.practo.testRunner.TestNGRunner -->
    </test> <!-- Default test -->
  </suite> <!-- Default suite -->
</testng-results>
